<?xml version="1.0" encoding="UTF-8"?>
<!-- Generated by org.testng.reporters.JUnitXMLReporter -->
<testsuite ignored="0" hostname="NCSIN07W81KT2C0" failures="0" tests="4" name="Test" time="63.077" errors="0" timestamp="2024-05-08T15:23:26 IST">
  <testcase classname="testcases.TC_RegisterUser" name="verifyIfCanGoToSignupPage" time="4.028"/>
  <testcase classname="testcases.TC_RegisterUser" name="verifyIfCanSignup" time="8.416"/>
  <testcase classname="testcases.TC_RegisterUser" name="verifyNavigationToSignupPage" time="2.133"/>
  <testcase classname="testcases.TC_RegisterUser" name="verifyValidationMessageForDuplicateEmail" time="3.918"/>
</testsuite> <!-- Test -->
