<?xml version="1.0" encoding="UTF-8"?>
<testng-results ignored="0" total="4" passed="4" failed="0" skipped="0">
  <reporter-output>
  </reporter-output>
  <suite started-at="2024-05-08T16:11:53 IST" name="Kiran Suite" finished-at="2024-05-08T16:12:23 IST" duration-ms="29939">
    <groups>
    </groups>
    <test started-at="2024-05-08T16:11:53 IST" name="Kiran Test" finished-at="2024-05-08T16:12:23 IST" duration-ms="29939">
      <class name="testcases.TC_RegisterUser">
        <test-method is-config="true" signature="launchSite()[pri:0, instance:testcases.TC_RegisterUser@4310d43]" started-at="2024-05-08T16:11:53 IST" name="launchSite" finished-at="2024-05-08T16:12:18 IST" duration-ms="24504" status="PASS">
          <reporter-output>
          </reporter-output>
        </test-method> <!-- launchSite -->
        <test-method is-config="true" signature="launchSite()[pri:0, instance:testcases.TC_RegisterUser@4310d43]" started-at="2024-05-08T16:11:53 IST" name="launchSite" finished-at="2024-05-08T16:12:14 IST" duration-ms="20468" status="PASS">
          <reporter-output>
          </reporter-output>
        </test-method> <!-- launchSite -->
        <test-method is-config="true" signature="launchSite()[pri:0, instance:testcases.TC_RegisterUser@4310d43]" started-at="2024-05-08T16:11:53 IST" name="launchSite" finished-at="2024-05-08T16:12:13 IST" duration-ms="19802" status="PASS">
          <reporter-output>
          </reporter-output>
        </test-method> <!-- launchSite -->
        <test-method is-config="true" signature="launchSite()[pri:0, instance:testcases.TC_RegisterUser@4310d43]" started-at="2024-05-08T16:11:53 IST" name="launchSite" finished-at="2024-05-08T16:12:07 IST" duration-ms="13435" status="PASS">
          <reporter-output>
          </reporter-output>
        </test-method> <!-- launchSite -->
        <test-method signature="verifyIfCanSignup()[pri:0, instance:testcases.TC_RegisterUser@4310d43]" started-at="2024-05-08T16:12:07 IST" name="verifyIfCanSignup" description="Positive scenario to verify if the user can use sign-up function" finished-at="2024-05-08T16:12:21 IST" duration-ms="13902" status="PASS">
          <reporter-output>
          </reporter-output>
        </test-method> <!-- verifyIfCanSignup -->
        <test-method signature="verifyValidationMessageForDuplicateEmail()[pri:0, instance:testcases.TC_RegisterUser@4310d43]" started-at="2024-05-08T16:12:13 IST" name="verifyValidationMessageForDuplicateEmail" description="Should display message &#039;Email Address already exist!" finished-at="2024-05-08T16:12:19 IST" duration-ms="5599" status="PASS">
          <reporter-output>
          </reporter-output>
        </test-method> <!-- verifyValidationMessageForDuplicateEmail -->
        <test-method signature="verifyNavigationToSignupPage()[pri:0, instance:testcases.TC_RegisterUser@4310d43]" started-at="2024-05-08T16:12:14 IST" name="verifyNavigationToSignupPage" description="Should navigate to the Signup page" finished-at="2024-05-08T16:12:18 IST" duration-ms="4095" status="PASS">
          <reporter-output>
          </reporter-output>
        </test-method> <!-- verifyNavigationToSignupPage -->
        <test-method signature="verifyIfCanGoToSignupPage()[pri:0, instance:testcases.TC_RegisterUser@4310d43]" started-at="2024-05-08T16:12:18 IST" name="verifyIfCanGoToSignupPage" description="Test the navigation to the sign up page" finished-at="2024-05-08T16:12:23 IST" duration-ms="5066" status="PASS">
          <reporter-output>
          </reporter-output>
        </test-method> <!-- verifyIfCanGoToSignupPage -->
        <test-method is-config="true" signature="tearDown()[pri:0, instance:testcases.TC_RegisterUser@4310d43]" started-at="2024-05-08T16:12:18 IST" name="tearDown" finished-at="2024-05-08T16:12:18 IST" duration-ms="554" status="PASS">
          <reporter-output>
          </reporter-output>
        </test-method> <!-- tearDown -->
        <test-method is-config="true" signature="tearDown()[pri:0, instance:testcases.TC_RegisterUser@4310d43]" started-at="2024-05-08T16:12:19 IST" name="tearDown" finished-at="2024-05-08T16:12:20 IST" duration-ms="990" status="PASS">
          <reporter-output>
          </reporter-output>
        </test-method> <!-- tearDown -->
        <test-method is-config="true" signature="tearDown()[pri:0, instance:testcases.TC_RegisterUser@4310d43]" started-at="2024-05-08T16:12:21 IST" name="tearDown" finished-at="2024-05-08T16:12:21 IST" duration-ms="494" status="PASS">
          <reporter-output>
          </reporter-output>
        </test-method> <!-- tearDown -->
        <test-method is-config="true" signature="tearDown()[pri:0, instance:testcases.TC_RegisterUser@4310d43]" started-at="2024-05-08T16:12:23 IST" name="tearDown" finished-at="2024-05-08T16:12:23 IST" duration-ms="314" status="PASS">
          <reporter-output>
          </reporter-output>
        </test-method> <!-- tearDown -->
      </class> <!-- testcases.TC_RegisterUser -->
    </test> <!-- Kiran Test -->
  </suite> <!-- Kiran Suite -->
</testng-results>
