<?xml version="1.0" encoding="UTF-8"?>
<!-- Generated by org.testng.reporters.JUnitXMLReporter -->
<testsuite ignored="0" hostname="NCSIN07W81KT2C0" failures="0" tests="4" name="Kiran Test" time="29.939" errors="0" timestamp="2024-05-08T16:12:23 IST">
  <testcase classname="testcases.TC_RegisterUser" name="verifyNavigationToSignupPage" time="4.095"/>
  <testcase classname="testcases.TC_RegisterUser" name="verifyValidationMessageForDuplicateEmail" time="5.599"/>
  <testcase classname="testcases.TC_RegisterUser" name="verifyIfCanSignup" time="13.902"/>
  <testcase classname="testcases.TC_RegisterUser" name="verifyIfCanGoToSignupPage" time="5.066"/>
</testsuite> <!-- Kiran Test -->
